<?xml version="1.0" encoding="UTF-8"?>
<!-- Generated by org.testng.reporters.JUnitXMLReporter -->
<testsuite hostname="DESKTOP-O3E0A86" ignored="0" name="FirefoxTest" tests="1" failures="1" timestamp="2020-07-06T07:36:59 IST" time="5.213" errors="0">
  <testcase name="testcase001" time="0.006" classname="com.TestCases.framework.SearchText1">
    <failure type="java.lang.NullPointerException">
      <![CDATA[java.lang.NullPointerException
at org.openqa.selenium.support.pagefactory.DefaultElementLocator.findElement(DefaultElementLocator.java:69)
at org.openqa.selenium.support.pagefactory.internal.LocatingElementHandler.invoke(LocatingElementHandler.java:38)
at com.sun.proxy.$Proxy8.sendKeys(Unknown Source)
at com.Pages.framework.HomePage.insertSearchText(HomePage.java:24)
at com.TestCases.framework.SearchText1.testcase001(SearchText1.java:22)
at java.util.ArrayList.forEach(ArrayList.java:1257)
... Removed 27 stack frames]]>
    </failure>
  </testcase> <!-- testcase001 -->
</testsuite> <!-- FirefoxTest -->
