<?xml version="1.0" encoding="UTF-8"?>
<!-- Generated by org.testng.reporters.JUnitXMLReporter -->
<testsuite hostname="DESKTOP-O3E0A86" ignored="0" name="TestChrome" tests="1" failures="0" timestamp="2020-07-05T14:20:39 IST" time="0.076" errors="0">
  <testcase name="@BeforeClass initialize" time="0.007" classname="com.Base.framework.TestBaseParametarised">
    <failure type="java.lang.NullPointerException">
      <![CDATA[java.lang.NullPointerException
at com.Base.framework.TestBaseParametarised.initialize(TestBaseParametarised.java:33)
at java.util.ArrayList.forEach(ArrayList.java:1257)
at java.util.concurrent.FutureTask.run(FutureTask.java:266)
at java.util.concurrent.ThreadPoolExecutor.runWorker(ThreadPoolExecutor.java:1149)
at java.util.concurrent.ThreadPoolExecutor$Worker.run(ThreadPoolExecutor.java:624)
at java.lang.Thread.run(Thread.java:748)
... Removed 16 stack frames]]>
    </failure>
  </testcase> <!-- @BeforeClass initialize -->
  <testcase name="@BeforeClass SearchText" time="-1.593939039258E9" classname="com.TestCases.framework.SearchText">
    <skipped/>
  </testcase> <!-- @BeforeClass SearchText -->
  <testcase name="testcase001" time="0.0" classname="com.TestCases.framework.SearchText">
    <skipped/>
  </testcase> <!-- testcase001 -->
</testsuite> <!-- TestChrome -->
